<?xml version="1.0" encoding="UTF-8"?>
<!-- Generated by org.testng.reporters.JUnitXMLReporter -->
<testsuite hostname="yerkhat-lenovo-g50" failures="0" tests="3" name="Registration test" time="316.38" errors="0" timestamp="18 Jun 2019 07:43:18 GMT">
  <testcase classname="kz.beeline.test.testcases.RegistrationTest" name="test" time="16.924"/>
  <testcase classname="kz.beeline.test.testcases.RegistrationTest" name="test" time="13.585"/>
  <testcase classname="kz.beeline.test.testcases.RegistrationTest" name="test" time="13.934"/>
</testsuite> <!-- Registration test -->
